0.73
0.06
1.05
0.36
0.14
0.54
0.48
1.73
0.44
0.89
0.24
0.51
4.01
0.75
0.56
0.97
0.03
0.32
0.05
0.54
0.14
0.94
0.61
0.61
0.47
0.75
1.78
1.41
1.01
1.30
0.39
0.16
1.09
0.00
0.73
0.28
1.99
3.20
0.14
1.33
0.09
0.05
0.09
2.83
0.26
0.49
0.75
9.22
0.73
0.34
1.08
0.69
0.42
0.67
1.32
0.40
1.35
0.43
0.00
0.04
1.79
0.01
1.13
0.35
1.34
3.07
0.75
0.72
0.24
0.22
0.47
0.18
0.10
0.41
0.47
3.31
0.52
0.18
0.62
1.02
0.56
0.05
0.28
2.25
0.62
0.03
0.45
0.11
0.54
0.57
1.07
0.82
3.52
0.90
5.41
0.61
0.42
0.56
0.47
0.25
0.70
0.05
1.72
0.40
0.58
0.25
1.20
1.52
0.47
0.80
1.16
0.58
0.10
0.68
0.79
0.52
0.46
0.68
0.30
0.51
0.18
4.28
0.31
0.31
0.27
0.37
1.24
0.68
0.25
0.42
2.34
1.60
5.03
0.29
8.17
0.76
8.11
2.32
0.25
0.21
0.82
0.57
0.41
0.30
0.25
1.01
0.34
0.42
0.57
0.10
1.12
0.04
1.97
0.42
0.29
0.03
0.44
0.54
1.65
0.51
0.19
0.58
0.35
1.58
0.10
0.11
9.40
4.38
0.71
0.60
2.28
0.75
0.40
1.81
6.59
1.16
0.20
0.15
0.57
0.73
0.51
0.45
0.33
0.49
0.02
3.50
2.17
1.25
2.27
0.70
5.69
0.41
1.57
0.03
0.04
0.29
0.01
0.15
6.56
0.05
0.58
0.45
0.53
0.60
0.39
0.54
0.69
0.45
1.27
0.31
4.27
0.40
0.56
0.18
0.10
1.98
0.40
1.30
0.76
0.58
0.53
0.30
0.16
7.41
0.39
0.36
1.17
0.07
3.32
3.72
0.36
0.83
0.23
0.41
0.07
1.00
0.39
0.55
0.58
3.30
0.08
0.38
1.03
0.07
0.28
1.40
0.51
5.86
0.44
2.33
0.25
1.22
0.34
0.25
1.22
0.40
0.35
0.42
0.54
0.30
0.20
2.16
0.39
0.76
1.40
0.14
3.20
0.01
1.09
0.62
0.66
0.14
0.33
0.70
1.30
0.26
2.13
0.09
0.82
0.83
0.62
5.29
0.18
0.28
0.27
0.33
1.76
0.11
0.10
0.78
2.37
0.12
0.13
0.31
1.28
0.39
0.28
0.13
0.15
0.69
0.21
9.40
0.44
1.97
0.14
1.50
0.71
1.59
0.01
0.22
1.51
0.13
0.04
0.12
1.12
0.23
0.86
0.30
0.13
0.03
0.36
1.19
4.98
1.28
0.40
2.25
2.44
0.52
1.08
0.48
0.58
4.92
0.98
6.26
0.40
1.36
0.42
0.56
1.46
0.58
0.78
0.52
0.52
6.23
0.55
1.12
0.52
0.51
0.17
0.18
2.02
1.05
0.45
1.69
0.59
0.46
0.58
0.25
0.28
0.46
3.22
0.13
1.06
0.06
0.11
1.04
0.28
2.17
0.25
1.35
1.49
0.74
0.21
0.72
0.17
0.54
0.03
0.11
0.19
0.32
0.45
0.41
1.73
0.88
1.37
0.35
0.05
1.10
1.64
1.98
0.46
0.61
0.25
0.31
1.94
0.36
0.86
6.32
2.12
7.29
1.83
0.50
0.36
0.61
0.40
2.84
0.39
0.29
0.09
0.59
0.16
0.39
0.72
2.28
0.42
0.10
0.71
2.16
1.63
1.63
0.45
0.70
0.07
3.44
0.03
0.60
1.54
0.06
0.34
0.41
1.05
0.55
0.75
0.46
0.62
0.04
4.17
0.79
2.58
0.36
0.37
0.64
0.00
4.15
0.54
0.05
0.54
0.47
1.06
0.19
0.51
1.35
1.64
0.02
0.52
0.55
0.75
0.19
0.81
0.79
0.24
0.11
0.58
0.17
0.32
0.93
0.05
0.12
1.24
0.15
3.25
0.94
0.44
0.43
0.89
0.44
0.43
0.55
0.00
0.63
0.54
0.99
0.35
0.72
0.23
1.00
0.32
0.30
0.12
0.46
0.73
0.94
0.01
0.82
0.58
0.19
0.19
1.24
0.46
1.19
0.47
0.64
0.00
1.34
2.49
1.49
3.28
0.06
6.72
0.30
9.10
0.33
0.97
2.06
0.06
2.01
0.02
0.17
0.43
0.34
0.22
1.15
2.31
0.49
0.96
0.87
0.79
0.06
2.01
0.52
0.89
0.28
0.82
0.09
0.24
0.95
0.26
0.16
0.86
1.98
0.14
0.73
0.38
3.23
0.43
0.43
0.64
0.40
0.33
1.04
3.13
0.28
2.75
1.33
0.41
0.81
0.75
9.36
0.09
0.38
0.34
0.23
0.82
1.84
2.39
0.51
0.96
0.51
0.36
0.38
0.39
0.60
0.14
0.18
0.17
1.40
0.51
0.30
0.85
4.95
0.56
0.37
8.99
0.35
0.26
0.73
7.62
0.33
0.87
0.74
0.12
0.12
3.04
0.24
1.27
0.18
0.28
0.17
0.28
0.65
2.90
1.35
0.12
1.02
0.36
0.22
0.51
0.46
0.61
0.50
0.60
0.60
0.15
6.66
0.53
0.21
0.61
2.21
0.37
0.55
3.30
0.58
1.37
0.08
0.42
1.36
0.53
0.09
0.59
0.12
0.51
0.20
3.03
0.46
0.80
0.79
0.01
2.70
0.02
1.68
0.36
0.07
0.30
0.68
0.28
2.88
2.26
1.71
0.08
2.06
1.13
0.63
0.05
1.10
0.10
0.01
0.48
0.67
0.43
1.67
0.53
1.57
0.70
7.34
0.87
1.34
0.31
0.07
0.63
0.07
0.07
0.60
0.60
0.54
0.43
0.75
2.40
0.13
0.54
2.05
6.18
0.67
3.30
0.01
0.42
0.02
0.68
0.35
2.02
0.53
0.45
0.69
0.30
0.86
2.05
0.29
3.77
0.26
0.11
0.34
0.68
0.71
2.71
0.79
0.05
0.57
0.58
7.91
8.06
0.68
0.21
3.14
0.75
0.78
1.17
0.58
0.40
0.47
6.38
0.67
0.49
0.71
0.29
9.18
0.17
2.13
0.25
1.71
2.05
9.19
0.53
0.54
2.81
2.33
0.29
1.13
0.56
0.80
1.35
1.42
0.94
0.30
2.65
0.92
1.19
0.36
0.01
0.60
5.45
5.19
0.40
0.61
0.27
0.33
4.79
0.33
0.08
0.50
0.95
0.55
1.04
2.12
0.37
2.65
0.45
1.35
0.18
0.23
0.44
0.41
0.88
0.43
0.72
0.17
1.03
8.86
1.44
3.41
0.06
0.50
0.28
2.50
0.59
0.39
0.39
7.72
6.96
0.35
0.70
1.18
5.35
0.29
0.02
0.43
2.67
0.02
0.47
0.62
4.25
0.06
0.35
1.96
0.26
5.41
0.70
0.86
0.51
8.27
0.47
0.14
1.38
0.53
1.31
0.68
0.50
0.45
2.35
5.59
2.87
0.48
0.26
0.71
0.95
0.05
4.15
0.08
4.68
0.32
4.34
0.09
0.66
2.71
1.36
2.04
1.66
0.08
0.52
0.20
0.65
0.00
2.35
0.29
1.34
0.72
0.20
4.51
0.06
0.24
0.31
0.73
0.86
0.25
0.52
0.53
0.31
1.32
0.27
0.27
0.24
0.59
0.44
0.84
0.21
0.00
0.02
5.15
3.50
0.68
1.05
5.58
0.06
0.07
0.00
3.27
2.06
1.35
0.36
0.03
0.98
0.95
0.17
1.44
1.22
0.44
0.48
0.64
4.55
1.43
7.54
0.33
1.16
0.39
1.44
0.06
1.13
1.26
0.66
1.50
0.20
1.75
0.18
0.69
1.01
0.30
0.56
0.39
0.38
0.58
0.40
0.12
0.90
4.73
1.12
0.49
2.03
0.21
0.58
0.22
0.11
1.86
0.14
0.36
3.21
0.92
0.37
0.53
0.54
0.33
3.59
0.01
0.50
1.29
0.15
1.97
0.54
0.31
0.32
2.11
4.36
4.87
0.46
0.76
2.45
0.68
0.30
0.96
0.46
0.00
1.50
0.23
0.52
0.85
1.07
0.91
0.22
0.37
0.83
0.08
0.04
0.03
0.41
0.15
0.44
0.88
1.09
0.34
0.44
0.65
0.44
0.58
0.51
0.30
0.08
0.81
0.39
0.06
0.09
0.35
1.18
0.58
3.09
0.08
0.11
0.56
3.79
0.58
0.70
0.34
0.54
9.22
0.36
1.54
1.31
1.05
1.87
0.61
0.29
0.68
0.65
1.55
